app/build/intermediates/manifest_merge_blame_file/debug/processDebugMainManifest/manifest-merger-blame-debug-report.txt
1<?xml version="1.0" encoding="utf-8"?>
2<manifest xmlns:android="http://schemas.android.com/apk/res/android"
3    package="uz.voiceassistant"
4    android:versionCode="1"
5    android:versionName="1.0.0" >
6
7    <uses-sdk
8        android:minSdkVersion="26"
9        android:targetSdkVersion="34" />
10
11    <!-- Audio & Microphone Permissions -->
12    <uses-permission android:name="android.permission.RECORD_AUDIO" />
12-->src\main\AndroidManifest.xml:6:5-71
12-->src\main\AndroidManifest.xml:6:22-68
13    <uses-permission android:name="android.permission.MODIFY_AUDIO_SETTINGS" />
13-->src\main\AndroidManifest.xml:7:5-80
13-->src\main\AndroidManifest.xml:7:22-77
14    <uses-permission android:name="android.permission.FOREGROUND_SERVICE" />
14-->src\main\AndroidManifest.xml:8:5-77
14-->src\main\AndroidManifest.xml:8:22-74
15    <uses-permission android:name="android.permission.FOREGROUND_SERVICE_MICROPHONE" />
15-->src\main\AndroidManifest.xml:9:5-88
15-->src\main\AndroidManifest.xml:9:22-85
16    <uses-permission android:name="android.permission.POST_NOTIFICATIONS" />
16-->src\main\AndroidManifest.xml:10:5-77
16-->src\main\AndroidManifest.xml:10:22-74
17
18    <!-- Native Action Permissions -->
19    <uses-permission android:name="android.permission.CALL_PHONE" />
19-->src\main\AndroidManifest.xml:13:5-69
19-->src\main\AndroidManifest.xml:13:22-66
20    <uses-permission android:name="android.permission.READ_CONTACTS" />
20-->src\main\AndroidManifest.xml:14:5-72
20-->src\main\AndroidManifest.xml:14:22-69
21    <uses-permission android:name="android.permission.SEND_SMS" />
21-->src\main\AndroidManifest.xml:15:5-67
21-->src\main\AndroidManifest.xml:15:22-64
22    <uses-permission android:name="android.permission.CAMERA" />
22-->src\main\AndroidManifest.xml:16:5-65
22-->src\main\AndroidManifest.xml:16:22-62
23    <uses-permission android:name="com.android.alarm.permission.SET_ALARM" />
23-->src\main\AndroidManifest.xml:17:5-78
23-->src\main\AndroidManifest.xml:17:22-75
24
25    <!-- System & Network Permissions -->
26    <uses-permission android:name="android.permission.INTERNET" />
26-->src\main\AndroidManifest.xml:20:5-67
26-->src\main\AndroidManifest.xml:20:22-64
27    <uses-permission android:name="android.permission.ACCESS_NETWORK_STATE" />
27-->src\main\AndroidManifest.xml:21:5-79
27-->src\main\AndroidManifest.xml:21:22-76
28    <uses-permission android:name="android.permission.WAKE_LOCK" />
28-->src\main\AndroidManifest.xml:22:5-68
28-->src\main\AndroidManifest.xml:22:22-65
29    <uses-permission android:name="android.permission.SYSTEM_ALERT_WINDOW" />
29-->src\main\AndroidManifest.xml:23:5-78
29-->src\main\AndroidManifest.xml:23:22-75
30
31    <uses-feature
31-->src\main\AndroidManifest.xml:25:5-85
32        android:name="android.hardware.camera"
32-->src\main\AndroidManifest.xml:25:19-57
33        android:required="false" />
33-->src\main\AndroidManifest.xml:25:58-82
34    <uses-feature
34-->src\main\AndroidManifest.xml:26:5-91
35        android:name="android.hardware.camera.flash"
35-->src\main\AndroidManifest.xml:26:19-63
36        android:required="false" />
36-->src\main\AndroidManifest.xml:26:64-88
37    <uses-feature
37-->src\main\AndroidManifest.xml:27:5-88
38        android:name="android.hardware.microphone"
38-->src\main\AndroidManifest.xml:27:19-61
39        android:required="true" />
39-->src\main\AndroidManifest.xml:27:62-85
40    <uses-feature
40-->src\main\AndroidManifest.xml:28:5-88
41        android:name="android.hardware.telephony"
41-->src\main\AndroidManifest.xml:28:19-60
42        android:required="false" />
42-->src\main\AndroidManifest.xml:28:61-85
43
44    <!-- Package query declaration to discover installed apps in Android 11+ (API 30+) -->
45    <queries>
45-->src\main\AndroidManifest.xml:31:5-39:15
46        <intent>
46-->src\main\AndroidManifest.xml:32:9-35:18
47            <action android:name="android.intent.action.MAIN" />
47-->src\main\AndroidManifest.xml:33:13-65
47-->src\main\AndroidManifest.xml:33:21-62
48
49            <category android:name="android.intent.category.LAUNCHER" />
49-->src\main\AndroidManifest.xml:34:13-73
49-->src\main\AndroidManifest.xml:34:23-70
50        </intent>
51        <intent>
51-->src\main\AndroidManifest.xml:36:9-38:18
52            <action android:name="android.speech.RecognitionService" />
52-->src\main\AndroidManifest.xml:37:13-72
52-->src\main\AndroidManifest.xml:37:21-69
53        </intent>
54    </queries>
55
56    <permission
56-->[androidx.core:core:1.13.1] AndroidManifest.xml:22:5-24:47
57        android:name="uz.voiceassistant.DYNAMIC_RECEIVER_NOT_EXPORTED_PERMISSION"
57-->[androidx.core:core:1.13.1] AndroidManifest.xml:23:9-81
58        android:protectionLevel="signature" />
58-->[androidx.core:core:1.13.1] AndroidManifest.xml:24:9-44
59
60    <uses-permission android:name="uz.voiceassistant.DYNAMIC_RECEIVER_NOT_EXPORTED_PERMISSION" />
60-->[androidx.core:core:1.13.1] AndroidManifest.xml:26:5-97
60-->[androidx.core:core:1.13.1] AndroidManifest.xml:26:22-94
61
62    <application
62-->src\main\AndroidManifest.xml:41:5-144:19
63        android:name="uz.voiceassistant.VoiceAssistantApp"
63-->src\main\AndroidManifest.xml:42:9-42
64        android:allowBackup="true"
64-->src\main\AndroidManifest.xml:43:9-35
65        android:appComponentFactory="androidx.core.app.CoreComponentFactory"
65-->[androidx.core:core:1.13.1] AndroidManifest.xml:28:18-86
66        android:dataExtractionRules="@xml/data_extraction_rules"
66-->src\main\AndroidManifest.xml:44:9-65
67        android:debuggable="true"
68        android:extractNativeLibs="false"
69        android:fullBackupContent="@xml/backup_rules"
69-->src\main\AndroidManifest.xml:45:9-54
70        android:icon="@mipmap/ic_launcher"
70-->src\main\AndroidManifest.xml:46:9-43
71        android:label="@string/app_name"
71-->src\main\AndroidManifest.xml:47:9-41
72        android:roundIcon="@mipmap/ic_launcher_round"
72-->src\main\AndroidManifest.xml:48:9-54
73        android:supportsRtl="true"
73-->src\main\AndroidManifest.xml:49:9-35
74        android:theme="@style/Theme.UzbekVoiceAssistant" >
74-->src\main\AndroidManifest.xml:50:9-57
75
76        <!-- Main Settings & Dashboard Activity -->
77        <activity
77-->src\main\AndroidManifest.xml:54:9-67:20
78            android:name="uz.voiceassistant.ui.MainActivity"
78-->src\main\AndroidManifest.xml:55:13-44
79            android:exported="true"
79-->src\main\AndroidManifest.xml:56:13-36
80            android:label="@string/app_name"
80-->src\main\AndroidManifest.xml:57:13-45
81            android:theme="@style/Theme.UzbekVoiceAssistant" >
81-->src\main\AndroidManifest.xml:58:13-61
82            <intent-filter>
82-->src\main\AndroidManifest.xml:59:13-62:29
83                <action android:name="android.intent.action.MAIN" />
83-->src\main\AndroidManifest.xml:33:13-65
83-->src\main\AndroidManifest.xml:33:21-62
84
85                <category android:name="android.intent.category.LAUNCHER" />
85-->src\main\AndroidManifest.xml:34:13-73
85-->src\main\AndroidManifest.xml:34:23-70
86            </intent-filter>
87            <intent-filter>
87-->src\main\AndroidManifest.xml:63:13-66:29
88                <action android:name="android.intent.action.ASSIST" />
88-->src\main\AndroidManifest.xml:64:17-71
88-->src\main\AndroidManifest.xml:64:25-68
89
90                <category android:name="android.intent.category.DEFAULT" />
90-->src\main\AndroidManifest.xml:65:17-76
90-->src\main\AndroidManifest.xml:65:27-73
91            </intent-filter>
92        </activity>
93
94        <!-- Transparent Dialog / BottomSheet Voice Interaction Activity -->
95        <activity
95-->src\main\AndroidManifest.xml:70:9-80:20
96            android:name="uz.voiceassistant.ui.AssistantSessionActivity"
96-->src\main\AndroidManifest.xml:71:13-56
97            android:excludeFromRecents="true"
97-->src\main\AndroidManifest.xml:75:13-46
98            android:exported="true"
98-->src\main\AndroidManifest.xml:72:13-36
99            android:launchMode="singleTop"
99-->src\main\AndroidManifest.xml:74:13-43
100            android:theme="@style/Theme.UzbekVoiceAssistant.Transparent" >
100-->src\main\AndroidManifest.xml:73:13-73
101            <intent-filter>
101-->src\main\AndroidManifest.xml:76:13-79:29
102                <action android:name="android.intent.action.VOICE_COMMAND" />
102-->src\main\AndroidManifest.xml:77:17-78
102-->src\main\AndroidManifest.xml:77:25-75
103
104                <category android:name="android.intent.category.DEFAULT" />
104-->src\main\AndroidManifest.xml:65:17-76
104-->src\main\AndroidManifest.xml:65:27-73
105            </intent-filter>
106        </activity>
107
108        <!-- 1a. System Default Voice Interaction Service (Long-press Home) -->
109        <service
109-->src\main\AndroidManifest.xml:83:9-93:19
110            android:name="uz.voiceassistant.service.AssistantVoiceInteractionService"
110-->src\main\AndroidManifest.xml:84:13-69
111            android:exported="true"
111-->src\main\AndroidManifest.xml:86:13-36
112            android:permission="android.permission.BIND_VOICE_INTERACTION" >
112-->src\main\AndroidManifest.xml:85:13-75
113            <meta-data
113-->src\main\AndroidManifest.xml:87:13-89:62
114                android:name="android.voice_interaction"
114-->src\main\AndroidManifest.xml:88:17-57
115                android:resource="@xml/interactionservice" />
115-->src\main\AndroidManifest.xml:89:17-59
116
117            <intent-filter>
117-->src\main\AndroidManifest.xml:90:13-92:29
118                <action android:name="android.service.voice.VoiceInteractionService" />
118-->src\main\AndroidManifest.xml:91:17-88
118-->src\main\AndroidManifest.xml:91:25-85
119            </intent-filter>
120        </service>
121
122        <!-- Voice Interaction Session Service -->
123        <service
123-->src\main\AndroidManifest.xml:96:9-99:39
124            android:name="uz.voiceassistant.service.AssistantVoiceInteractionSessionService"
124-->src\main\AndroidManifest.xml:97:13-76
125            android:exported="true"
125-->src\main\AndroidManifest.xml:99:13-36
126            android:permission="android.permission.BIND_VOICE_INTERACTION" />
126-->src\main\AndroidManifest.xml:98:13-75
127
128        <!-- Assistant Recognition Service -->
129        <service
129-->src\main\AndroidManifest.xml:102:9-110:19
130            android:name="uz.voiceassistant.service.AssistantRecognitionService"
130-->src\main\AndroidManifest.xml:103:13-64
131            android:exported="true"
131-->src\main\AndroidManifest.xml:105:13-36
132            android:permission="android.permission.BIND_VOICE_INTERACTION" >
132-->src\main\AndroidManifest.xml:104:13-75
133            <intent-filter>
133-->src\main\AndroidManifest.xml:106:13-109:29
134                <action android:name="android.speech.RecognitionService" />
134-->src\main\AndroidManifest.xml:37:13-72
134-->src\main\AndroidManifest.xml:37:21-69
135
136                <category android:name="android.intent.category.DEFAULT" />
136-->src\main\AndroidManifest.xml:65:17-76
136-->src\main\AndroidManifest.xml:65:27-73
137            </intent-filter>
138        </service>
139
140        <!-- 1b. Quick Settings Tile Service -->
141        <service
141-->src\main\AndroidManifest.xml:113:9-122:19
142            android:name="uz.voiceassistant.service.AssistantTileService"
142-->src\main\AndroidManifest.xml:114:13-57
143            android:exported="true"
143-->src\main\AndroidManifest.xml:118:13-36
144            android:icon="@drawable/ic_assistant_tile"
144-->src\main\AndroidManifest.xml:115:13-55
145            android:label="@string/tile_assistant"
145-->src\main\AndroidManifest.xml:116:13-51
146            android:permission="android.permission.BIND_QUICK_SETTINGS_TILE" >
146-->src\main\AndroidManifest.xml:117:13-77
147            <intent-filter>
147-->src\main\AndroidManifest.xml:119:13-121:29
148                <action android:name="android.service.quicksettings.action.QS_TILE" />
148-->src\main\AndroidManifest.xml:120:17-87
148-->src\main\AndroidManifest.xml:120:25-84
149            </intent-filter>
150        </service>
151
152        <!-- 2. Hands-Free Wake Word Service (openWakeWord / Foreground Service) -->
153        <service
153-->src\main\AndroidManifest.xml:125:9-128:40
154            android:name="uz.voiceassistant.service.WakeWordService"
154-->src\main\AndroidManifest.xml:126:13-52
155            android:exported="false"
155-->src\main\AndroidManifest.xml:128:13-37
156            android:foregroundServiceType="microphone" />
156-->src\main\AndroidManifest.xml:127:13-55
157
158        <!-- 5. Universal Fallback Screen Agent Service (AccessibilityService + Gemini Vision) -->
159        <service
159-->src\main\AndroidManifest.xml:131:9-142:19
160            android:name="uz.voiceassistant.service.ScreenAgentService"
160-->src\main\AndroidManifest.xml:132:13-55
161            android:exported="true"
161-->src\main\AndroidManifest.xml:135:13-36
162            android:label="@string/accessibility_service_label"
162-->src\main\AndroidManifest.xml:134:13-64
163            android:permission="android.permission.BIND_ACCESSIBILITY_SERVICE" >
163-->src\main\AndroidManifest.xml:133:13-79
164            <intent-filter>
164-->src\main\AndroidManifest.xml:136:13-138:29
165                <action android:name="android.accessibilityservice.AccessibilityService" />
165-->src\main\AndroidManifest.xml:137:17-92
165-->src\main\AndroidManifest.xml:137:25-89
166            </intent-filter>
167
168            <meta-data
168-->src\main\AndroidManifest.xml:139:13-141:72
169                android:name="android.accessibilityservice"
169-->src\main\AndroidManifest.xml:140:17-60
170                android:resource="@xml/accessibility_service_config" />
170-->src\main\AndroidManifest.xml:141:17-69
171        </service>
172
173        <activity
173-->[androidx.compose.ui:ui-tooling-android:1.6.8] AndroidManifest.xml:23:9-25:39
174            android:name="androidx.compose.ui.tooling.PreviewActivity"
174-->[androidx.compose.ui:ui-tooling-android:1.6.8] AndroidManifest.xml:24:13-71
175            android:exported="true" />
175-->[androidx.compose.ui:ui-tooling-android:1.6.8] AndroidManifest.xml:25:13-36
176        <activity
176-->[androidx.compose.ui:ui-test-manifest:1.6.8] AndroidManifest.xml:23:9-25:39
177            android:name="androidx.activity.ComponentActivity"
177-->[androidx.compose.ui:ui-test-manifest:1.6.8] AndroidManifest.xml:24:13-63
178            android:exported="true" />
178-->[androidx.compose.ui:ui-test-manifest:1.6.8] AndroidManifest.xml:25:13-36
179
180        <provider
180-->[androidx.emoji2:emoji2:1.3.0] AndroidManifest.xml:24:9-32:20
181            android:name="androidx.startup.InitializationProvider"
181-->[androidx.emoji2:emoji2:1.3.0] AndroidManifest.xml:25:13-67
182            android:authorities="uz.voiceassistant.androidx-startup"
182-->[androidx.emoji2:emoji2:1.3.0] AndroidManifest.xml:26:13-68
183            android:exported="false" >
183-->[androidx.emoji2:emoji2:1.3.0] AndroidManifest.xml:27:13-37
184            <meta-data
184-->[androidx.emoji2:emoji2:1.3.0] AndroidManifest.xml:29:13-31:52
185                android:name="androidx.emoji2.text.EmojiCompatInitializer"
185-->[androidx.emoji2:emoji2:1.3.0] AndroidManifest.xml:30:17-75
186                android:value="androidx.startup" />
186-->[androidx.emoji2:emoji2:1.3.0] AndroidManifest.xml:31:17-49
187            <meta-data
187-->[androidx.lifecycle:lifecycle-process:2.8.4] AndroidManifest.xml:29:13-31:52
188                android:name="androidx.lifecycle.ProcessLifecycleInitializer"
188-->[androidx.lifecycle:lifecycle-process:2.8.4] AndroidManifest.xml:30:17-78
189                android:value="androidx.startup" />
189-->[androidx.lifecycle:lifecycle-process:2.8.4] AndroidManifest.xml:31:17-49
190            <meta-data
190-->[androidx.profileinstaller:profileinstaller:1.3.1] AndroidManifest.xml:29:13-31:52
191                android:name="androidx.profileinstaller.ProfileInstallerInitializer"
191-->[androidx.profileinstaller:profileinstaller:1.3.1] AndroidManifest.xml:30:17-85
192                android:value="androidx.startup" />
192-->[androidx.profileinstaller:profileinstaller:1.3.1] AndroidManifest.xml:31:17-49
193        </provider>
194
195        <receiver
195-->[androidx.profileinstaller:profileinstaller:1.3.1] AndroidManifest.xml:34:9-52:20
196            android:name="androidx.profileinstaller.ProfileInstallReceiver"
196-->[androidx.profileinstaller:profileinstaller:1.3.1] AndroidManifest.xml:35:13-76
197            android:directBootAware="false"
197-->[androidx.profileinstaller:profileinstaller:1.3.1] AndroidManifest.xml:36:13-44
198            android:enabled="true"
198-->[androidx.profileinstaller:profileinstaller:1.3.1] AndroidManifest.xml:37:13-35
199            android:exported="true"
199-->[androidx.profileinstaller:profileinstaller:1.3.1] AndroidManifest.xml:38:13-36
200            android:permission="android.permission.DUMP" >
200-->[androidx.profileinstaller:profileinstaller:1.3.1] AndroidManifest.xml:39:13-57
201            <intent-filter>
201-->[androidx.profileinstaller:profileinstaller:1.3.1] AndroidManifest.xml:40:13-42:29
202                <action android:name="androidx.profileinstaller.action.INSTALL_PROFILE" />
202-->[androidx.profileinstaller:profileinstaller:1.3.1] AndroidManifest.xml:41:17-91
202-->[androidx.profileinstaller:profileinstaller:1.3.1] AndroidManifest.xml:41:25-88
203            </intent-filter>
204            <intent-filter>
204-->[androidx.profileinstaller:profileinstaller:1.3.1] AndroidManifest.xml:43:13-45:29
205                <action android:name="androidx.profileinstaller.action.SKIP_FILE" />
205-->[androidx.profileinstaller:profileinstaller:1.3.1] AndroidManifest.xml:44:17-85
205-->[androidx.profileinstaller:profileinstaller:1.3.1] AndroidManifest.xml:44:25-82
206            </intent-filter>
207            <intent-filter>
207-->[androidx.profileinstaller:profileinstaller:1.3.1] AndroidManifest.xml:46:13-48:29
208                <action android:name="androidx.profileinstaller.action.SAVE_PROFILE" />
208-->[androidx.profileinstaller:profileinstaller:1.3.1] AndroidManifest.xml:47:17-88
208-->[androidx.profileinstaller:profileinstaller:1.3.1] AndroidManifest.xml:47:25-85
209            </intent-filter>
210            <intent-filter>
210-->[androidx.profileinstaller:profileinstaller:1.3.1] AndroidManifest.xml:49:13-51:29
211                <action android:name="androidx.profileinstaller.action.BENCHMARK_OPERATION" />
211-->[androidx.profileinstaller:profileinstaller:1.3.1] AndroidManifest.xml:50:17-95
211-->[androidx.profileinstaller:profileinstaller:1.3.1] AndroidManifest.xml:50:25-92
212            </intent-filter>
213        </receiver>
214    </application>
215
216</manifest>